<?xml version="1.0" encoding="UTF-8"?>
<!-- Generated by org.testng.reporters.JUnitXMLReporter -->
<testsuite ignored="0" hostname="DESKTOP-74NHGKL" failures="1" tests="5" name="BankingApp Test" time="55.125" errors="0" timestamp="02 Oct 2021 11:24:46 GMT">
  <testcase classname="com.inetbanking.testCases.TC01_LoginTest" name="loginTest" time="2.106"/>
  <testcase classname="com.inetbanking.testCases.TC02_LoginDDT" name="loginDDT" time="8.917"/>
  <testcase classname="com.inetbanking.testCases.TC02_LoginDDT" name="loginDDT" time="2.361">
    <failure type="java.lang.AssertionError" message="expected [true] but found [false]">
      <![CDATA[java.lang.AssertionError: expected [true] but found [false]
at com.inetbanking.testCases.TC02_LoginDDT.loginDDT(TC02_LoginDDT.java:27)
... Removed 29 stack frames]]>
    </failure>
  </testcase> <!-- loginDDT -->
  <testcase classname="com.inetbanking.testCases.TC02_LoginDDT" name="loginDDT" time="8.257"/>
  <testcase classname="com.inetbanking.testCases.TC03_AddNewCustomer" name="addNewCustomer" time="10.666"/>
</testsuite> <!-- BankingApp Test -->
